# JRE version: OpenJDK Runtime Environment (8.0_242) (build 1.8.0_242-release-1644-b3-6915495)
# Java VM: OpenJDK 64-Bit Server VM (25.242-b3-6915495 mixed mode bsd-amd64 compressed oops)
Heap:
 PSYoungGen      total 658944K, used 48332K [0x0000000795580000, 0x00000007c0000000, 0x00000007c0000000)
  eden space 627200K, 3% used [0x0000000795580000,0x00000007968dc190,0x00000007bba00000)
  from space 31744K, 89% used [0x00000007be100000,0x00000007bfcd7010,0x00000007c0000000)
  to   space 35840K, 0% used [0x00000007bba00000,0x00000007bba00000,0x00000007bdd00000)
 ParOldGen       total 148480K, used 121555K [0x0000000740000000, 0x0000000749100000, 0x0000000795580000)
  object space 148480K, 81% used [0x0000000740000000,0x00000007476b4ec0,0x0000000749100000)
 Metaspace       used 114130K, capacity 120560K, committed 120728K, reserved 1155072K
  class space    used 14809K, capacity 16031K, committed 16048K, reserved 1048576K
GC Heap History (10 events):
Event: 469.986 GC heap before
{Heap before GC invocations=33 (full 5):
 PSYoungGen      total 670720K, used 647197K [0x0000000795580000, 0x00000007c0000000, 0x00000007c0000000)
  eden space 643584K, 100% used [0x0000000795580000,0x00000007bca00000,0x00000007bca00000)
  from space 27136K, 13% used [0x00000007bca00000,0x00000007bcd876e0,0x00000007be480000)
  to   space 26624K, 0% used [0x00000007be600000,0x00000007be600000,0x00000007c0000000)
 ParOldGen       total 148480K, used 101220K [0x0000000740000000, 0x0000000749100000, 0x0000000795580000)
  object space 148480K, 68% used [0x0000000740000000,0x00000007462d9288,0x0000000749100000)
 Metaspace       used 93987K, capacity 98712K, committed 99608K, reserved 1134592K
  class space    used 12444K, capacity 13302K, committed 13616K, reserved 1048576K
Event: 470.198 GC heap after
Heap after GC invocations=33 (full 5):
 PSYoungGen      total 668160K, used 9526K [0x0000000795580000, 0x00000007bfc80000, 0x00000007c0000000)
  eden space 645120K, 0% used [0x0000000795580000,0x0000000795580000,0x00000007bcb80000)
  from space 23040K, 41% used [0x00000007be600000,0x00000007bef4d860,0x00000007bfc80000)
  to   space 25088K, 0% used [0x00000007bcb80000,0x00000007bcb80000,0x00000007be400000)
 ParOldGen       total 148480K, used 102978K [0x0000000740000000, 0x0000000749100000, 0x0000000795580000)
  object space 148480K, 69% used [0x0000000740000000,0x0000000746490968,0x0000000749100000)
 Metaspace       used 93987K, capacity 98712K, committed 99608K, reserved 1134592K
  class space    used 12444K, capacity 13302K, committed 13616K, reserved 1048576K
}
Event: 479.252 GC heap before
{Heap before GC invocations=34 (full 5):
 PSYoungGen      total 668160K, used 654646K [0x0000000795580000, 0x00000007bfc80000, 0x00000007c0000000)
  eden space 645120K, 100% used [0x0000000795580000,0x00000007bcb80000,0x00000007bcb80000)
  from space 23040K, 41% used [0x00000007be600000,0x00000007bef4d860,0x00000007bfc80000)
  to   space 25088K, 0% used [0x00000007bcb80000,0x00000007bcb80000,0x00000007be400000)
 ParOldGen       total 148480K, used 102978K [0x0000000740000000, 0x0000000749100000, 0x0000000795580000)
  object space 148480K, 69% used [0x0000000740000000,0x0000000746490968,0x0000000749100000)
 Metaspace       used 94028K, capacity 98820K, committed 99608K, reserved 1134592K
  class space    used 12451K, capacity 13310K, committed 13616K, reserved 1048576K
Event: 479.370 GC heap after
Heap after GC invocations=34 (full 5):
 PSYoungGen      total 670208K, used 480K [0x0000000795580000, 0x00000007c0000000, 0x00000007c0000000)
  eden space 645120K, 0% used [0x0000000795580000,0x0000000795580000,0x00000007bcb80000)
  from space 25088K, 1% used [0x00000007bcb80000,0x00000007bcbf8000,0x00000007be400000)
  to   space 25600K, 0% used [0x00000007be700000,0x00000007be700000,0x00000007c0000000)
 ParOldGen       total 148480K, used 106273K [0x0000000740000000, 0x0000000749100000, 0x0000000795580000)
  object space 148480K, 71% used [0x0000000740000000,0x00000007467c86b0,0x0000000749100000)
 Metaspace       used 94028K, capacity 98820K, committed 99608K, reserved 1134592K
  class space    used 12451K, capacity 13310K, committed 13616K, reserved 1048576K
}
Event: 2799.670 GC heap before
{Heap before GC invocations=35 (full 5):
 PSYoungGen      total 670208K, used 645600K [0x0000000795580000, 0x00000007c0000000, 0x00000007c0000000)
  eden space 645120K, 100% used [0x0000000795580000,0x00000007bcb80000,0x00000007bcb80000)
  from space 25088K, 1% used [0x00000007bcb80000,0x00000007bcbf8000,0x00000007be400000)
  to   space 25600K, 0% used [0x00000007be700000,0x00000007be700000,0x00000007c0000000)
 ParOldGen       total 148480K, used 106273K [0x0000000740000000, 0x0000000749100000, 0x0000000795580000)
  object space 148480K, 71% used [0x0000000740000000,0x00000007467c86b0,0x0000000749100000)
 Metaspace       used 108472K, capacity 114390K, committed 114584K, reserved 1148928K
  class space    used 14143K, capacity 15182K, committed 15280K, reserved 1048576K
Event: 2802.866 GC heap after
Heap after GC invocations=35 (full 5):
 PSYoungGen      total 663040K, used 25587K [0x0000000795580000, 0x00000007c0000000, 0x00000007c0000000)
  eden space 637440K, 0% used [0x0000000795580000,0x0000000795580000,0x00000007bc400000)
  from space 25600K, 99% used [0x00000007be700000,0x00000007bfffcc90,0x00000007c0000000)
  to   space 30720K, 0% used [0x00000007bc400000,0x00000007bc400000,0x00000007be200000)
 ParOldGen       total 148480K, used 108711K [0x0000000740000000, 0x0000000749100000, 0x0000000795580000)
  object space 148480K, 73% used [0x0000000740000000,0x0000000746a29fb0,0x0000000749100000)
 Metaspace       used 108472K, capacity 114390K, committed 114584K, reserved 1148928K
  class space    used 14143K, capacity 15182K, committed 15280K, reserved 1048576K
}
Event: 3189.059 GC heap before
{Heap before GC invocations=36 (full 5):
 PSYoungGen      total 663040K, used 663027K [0x0000000795580000, 0x00000007c0000000, 0x00000007c0000000)
  eden space 637440K, 100% used [0x0000000795580000,0x00000007bc400000,0x00000007bc400000)
  from space 25600K, 99% used [0x00000007be700000,0x00000007bfffcc90,0x00000007c0000000)
  to   space 30720K, 0% used [0x00000007bc400000,0x00000007bc400000,0x00000007be200000)
 ParOldGen       total 148480K, used 108711K [0x0000000740000000, 0x0000000749100000, 0x0000000795580000)
  object space 148480K, 73% used [0x0000000740000000,0x0000000746a29fb0,0x0000000749100000)
 Metaspace       used 113479K, capacity 119776K, committed 119960K, reserved 1153024K
  class space    used 14749K, capacity 15939K, committed 16048K, reserved 1048576K
Event: 3190.287 GC heap after
Heap after GC invocations=36 (full 5):
 PSYoungGen      total 656896K, used 19038K [0x0000000795580000, 0x00000007c0000000, 0x00000007c0000000)
  eden space 637440K, 0% used [0x0000000795580000,0x0000000795580000,0x00000007bc400000)
  from space 19456K, 97% used [0x00000007bc400000,0x00000007bd697960,0x00000007bd700000)
  to   space 31744K, 0% used [0x00000007be100000,0x00000007be100000,0x00000007c0000000)
 ParOldGen       total 148480K, used 121547K [0x0000000740000000, 0x0000000749100000, 0x0000000795580000)
  object space 148480K, 81% used [0x0000000740000000,0x00000007476b2ec0,0x0000000749100000)
 Metaspace       used 113479K, capacity 119776K, committed 119960K, reserved 1153024K
  class space    used 14749K, capacity 15939K, committed 16048K, reserved 1048576K
}
Event: 4537.225 GC heap before
{Heap before GC invocations=37 (full 5):
 PSYoungGen      total 656896K, used 656478K [0x0000000795580000, 0x00000007c0000000, 0x00000007c0000000)
  eden space 637440K, 100% used [0x0000000795580000,0x00000007bc400000,0x00000007bc400000)
  from space 19456K, 97% used [0x00000007bc400000,0x00000007bd697960,0x00000007bd700000)
  to   space 31744K, 0% used [0x00000007be100000,0x00000007be100000,0x00000007c0000000)
 ParOldGen       total 148480K, used 121547K [0x0000000740000000, 0x0000000749100000, 0x0000000795580000)
  object space 148480K, 81% used [0x0000000740000000,0x00000007476b2ec0,0x0000000749100000)
 Metaspace       used 114129K, capacity 120560K, committed 120728K, reserved 1155072K
  class space    used 14809K, capacity 16031K, committed 16048K, reserved 1048576K
Event: 4538.277 GC heap after
Heap after GC invocations=37 (full 5):
 PSYoungGen      total 658944K, used 28508K [0x0000000795580000, 0x00000007c0000000, 0x00000007c0000000)
  eden space 627200K, 0% used [0x0000000795580000,0x0000000795580000,0x00000007bba00000)
  from space 31744K, 89% used [0x00000007be100000,0x00000007bfcd7010,0x00000007c0000000)
  to   space 35840K, 0% used [0x00000007bba00000,0x00000007bba00000,0x00000007bdd00000)
 ParOldGen       total 148480K, used 121555K [0x0000000740000000, 0x0000000749100000, 0x0000000795580000)
  object space 148480K, 81% used [0x0000000740000000,0x00000007476b4ec0,0x0000000749100000)
 Metaspace       used 114129K, capacity 120560K, committed 120728K, reserved 1155072K
  class space    used 14809K, capacity 16031K, committed 16048K, reserved 1048576K
}

